scheduler:INFO [0] Running scheduler in simulation with the following args: policy=MaxMinFairness_Packing, seed=0, time_per_iteration=360, profiling_percentage=1.0, num_reference_models=10
scheduler:INFO [0] [Job dispatched]	Job ID: 0 GPU:2
scheduler:INFO [0] [Job dispatched]	Job ID: 1 GPU:2
scheduler:INFO [0] [Job dispatched]	Job ID: 2 GPU:2
scheduler:DEBUG [0] Resetting time run so far
(9, 1)
3
3
scheduler:INFO [0] [Micro-task scheduled]	Job ID: (0, 2)	Worker type: v100	Worker ID(s): 0,1	Priority: 2.79	Deficit: 180.00	Allocation:  [v100 0.47]
scheduler:DEBUG [359.1549295774648] Current active completion events: dict_keys([])
scheduler:INFO [359.1549295774648] [Micro-task succeeded]	Job ID: (0, 2)	Worker type: v100	Worker ID(s): [0, 1]
scheduler:INFO [359.1549295774648] [Micro-task scheduled]	Job ID: (0, 1)	Worker type: v100	Worker ID(s): 0,1	Priority: 2.54	Deficit: 180.00	Allocation:  [v100 0.32]
scheduler:DEBUG [719.1549295774648] Current active completion events: dict_keys([])
scheduler:INFO [719.1549295774648] [Micro-task succeeded]	Job ID: (0, 1)	Worker type: v100	Worker ID(s): [0, 1]
scheduler:INFO [719.1549295774648] [Micro-task scheduled]	Job ID: (1, 2)	Worker type: v100	Worker ID(s): 0,1	Priority: 2.17	Deficit: 180.00	Allocation:  [v100 0.22]
scheduler:DEBUG [1079.1549295774648] Current active completion events: dict_keys([])
scheduler:INFO [1079.1549295774648] [Micro-task succeeded]	Job ID: (1, 2)	Worker type: v100	Worker ID(s): [0, 1]
scheduler:INFO [1079.1549295774648] [Micro-task scheduled]	Job ID: (0, 2)	Worker type: v100	Worker ID(s): 0,1	Priority: 1.86	Deficit: 180.00	Allocation:  [v100 0.47]
scheduler:DEBUG [1438.3098591549297] Current active completion events: dict_keys([])
scheduler:INFO [1438.3098591549297] [Micro-task succeeded]	Job ID: (0, 2)	Worker type: v100	Worker ID(s): [0, 1]
scheduler:INFO [1438.3098591549297] [Micro-task scheduled]	Job ID: (0, 1)	Worker type: v100	Worker ID(s): 0,1	Priority: 1.48	Deficit: 180.00	Allocation:  [v100 0.32]
scheduler:DEBUG [1798.3098591549297] Current active completion events: dict_keys([])
scheduler:INFO [1798.3098591549297] [Micro-task succeeded]	Job ID: (0, 1)	Worker type: v100	Worker ID(s): [0, 1]
scheduler:INFO [1798.3098591549297] [Micro-task scheduled]	Job ID: (0, 2)	Worker type: v100	Worker ID(s): 0,1	Priority: 1.49	Deficit: 180.00	Allocation:  [v100 0.47]
scheduler:DEBUG [2157.4647887323945] Current active completion events: dict_keys([])
scheduler:INFO [2157.4647887323945] [Micro-task succeeded]	Job ID: (0, 2)	Worker type: v100	Worker ID(s): [0, 1]
scheduler:INFO [2157.4647887323945] [Micro-task scheduled]	Job ID: (1, 2)	Worker type: v100	Worker ID(s): 0,1	Priority: 1.30	Deficit: 180.00	Allocation:  [v100 0.22]
scheduler:DEBUG [2517.4647887323945] Current active completion events: dict_keys([])
scheduler:INFO [2517.4647887323945] [Micro-task succeeded]	Job ID: (1, 2)	Worker type: v100	Worker ID(s): [0, 1]
scheduler:INFO [2517.4647887323945] [Micro-task scheduled]	Job ID: (0, 2)	Worker type: v100	Worker ID(s): 0,1	Priority: 1.33	Deficit: 180.00	Allocation:  [v100 0.47]
scheduler:DEBUG [2876.6197183098593] Current active completion events: dict_keys([])
scheduler:INFO [2876.6197183098593] [Micro-task succeeded]	Job ID: (0, 2)	Worker type: v100	Worker ID(s): [0, 1]
scheduler:INFO [2876.6197183098593] [Micro-task scheduled]	Job ID: (0, 1)	Worker type: v100	Worker ID(s): 0,1	Priority: 1.40	Deficit: 180.00	Allocation:  [v100 0.32]
scheduler:DEBUG [3236.6197183098593] Current active completion events: dict_keys([])
scheduler:INFO [3236.6197183098593] [Micro-task succeeded]	Job ID: (0, 1)	Worker type: v100	Worker ID(s): [0, 1]
scheduler:INFO [3236.6197183098593] [Micro-task scheduled]	Job ID: (0, 2)	Worker type: v100	Worker ID(s): 0,1	Priority: 1.24	Deficit: 180.00	Allocation:  [v100 0.47]
scheduler:DEBUG [3595.774647887324] Current active completion events: dict_keys([])
scheduler:INFO [3595.774647887324] [Micro-task succeeded]	Job ID: (0, 2)	Worker type: v100	Worker ID(s): [0, 1]
scheduler:INFO [3595.774647887324] [Micro-task scheduled]	Job ID: (0, 1)	Worker type: v100	Worker ID(s): 0,1	Priority: 1.18	Deficit: 180.00	Allocation:  [v100 0.32]
scheduler:DEBUG [3955.774647887324] Current active completion events: dict_keys([])
scheduler:INFO [3955.774647887324] [Micro-task succeeded]	Job ID: (0, 1)	Worker type: v100	Worker ID(s): [0, 1]
scheduler:INFO [3955.774647887324] [Micro-task scheduled]	Job ID: (1, 2)	Worker type: v100	Worker ID(s): 0,1	Priority: 1.21	Deficit: 180.00	Allocation:  [v100 0.22]
scheduler:DEBUG [4315.774647887324] Current active completion events: dict_keys([])
scheduler:INFO [4315.774647887324] [Micro-task succeeded]	Job ID: (1, 2)	Worker type: v100	Worker ID(s): [0, 1]
scheduler:INFO [4315.774647887324] [Micro-task scheduled]	Job ID: (0, 2)	Worker type: v100	Worker ID(s): 0,1	Priority: 1.27	Deficit: 180.00	Allocation:  [v100 0.47]
scheduler:DEBUG [4674.929577464789] Current active completion events: dict_keys([])
scheduler:INFO [4674.929577464789] [Micro-task succeeded]	Job ID: (0, 2)	Worker type: v100	Worker ID(s): [0, 1]
scheduler:INFO [4674.929577464789] [Micro-task scheduled]	Job ID: (0, 2)	Worker type: v100	Worker ID(s): 0,1	Priority: 1.15	Deficit: 180.00	Allocation:  [v100 0.47]
scheduler:DEBUG [5034.084507042254] Current active completion events: dict_keys([])
scheduler:INFO [5034.084507042254] [Micro-task succeeded]	Job ID: (0, 2)	Worker type: v100	Worker ID(s): [0, 1]
scheduler:INFO [5034.084507042254] [Micro-task scheduled]	Job ID: (0, 1)	Worker type: v100	Worker ID(s): 0,1	Priority: 1.20	Deficit: 180.00	Allocation:  [v100 0.32]
scheduler:DEBUG [5394.084507042254] Current active completion events: dict_keys([])
scheduler:INFO [5394.084507042254] [Micro-task succeeded]	Job ID: (0, 1)	Worker type: v100	Worker ID(s): [0, 1]
scheduler:INFO [5394.084507042254] [Micro-task scheduled]	Job ID: (0, 2)	Worker type: v100	Worker ID(s): 0,1	Priority: 1.12	Deficit: 180.00	Allocation:  [v100 0.47]
scheduler:DEBUG [5753.239436619719] Current active completion events: dict_keys([])
scheduler:INFO [5753.239436619719] [Micro-task succeeded]	Job ID: (0, 2)	Worker type: v100	Worker ID(s): [0, 1]
scheduler:INFO [5753.239436619719] [Micro-task scheduled]	Job ID: (1, 2)	Worker type: v100	Worker ID(s): 0,1	Priority: 1.18	Deficit: 180.00	Allocation:  [v100 0.22]
scheduler:DEBUG [6113.239436619719] Current active completion events: dict_keys([])
scheduler:INFO [6113.239436619719] [Micro-task succeeded]	Job ID: (1, 2)	Worker type: v100	Worker ID(s): [0, 1]
scheduler:INFO [6113.239436619719] [Micro-task scheduled]	Job ID: (0, 1)	Worker type: v100	Worker ID(s): 0,1	Priority: 1.15	Deficit: 180.00	Allocation:  [v100 0.32]
scheduler:DEBUG [6473.239436619719] Current active completion events: dict_keys([])
scheduler:INFO [6473.239436619719] [Micro-task succeeded]	Job ID: (0, 1)	Worker type: v100	Worker ID(s): [0, 1]
scheduler:INFO [6473.239436619719] [Micro-task scheduled]	Job ID: (0, 2)	Worker type: v100	Worker ID(s): 0,1	Priority: 1.15	Deficit: 180.00	Allocation:  [v100 0.47]
scheduler:DEBUG [6832.394366197183] Current active completion events: dict_keys([])
scheduler:INFO [6832.394366197183] [Micro-task succeeded]	Job ID: (0, 2)	Worker type: v100	Worker ID(s): [0, 1]
scheduler:INFO [6832.394366197183] [Micro-task scheduled]	Job ID: (0, 2)	Worker type: v100	Worker ID(s): 0,1	Priority: 1.08	Deficit: 180.00	Allocation:  [v100 0.47]
scheduler:DEBUG [7191.549295774648] Current active completion events: dict_keys([])
scheduler:INFO [7191.549295774648] [Micro-task succeeded]	Job ID: (0, 2)	Worker type: v100	Worker ID(s): [0, 1]
scheduler:INFO [7191.549295774648] [Micro-task scheduled]	Job ID: (0, 1)	Worker type: v100	Worker ID(s): 0,1	Priority: 1.12	Deficit: 180.00	Allocation:  [v100 0.32]
scheduler:DEBUG [7551.549295774648] Current active completion events: dict_keys([])
scheduler:INFO [7551.549295774648] [Micro-task succeeded]	Job ID: (0, 1)	Worker type: v100	Worker ID(s): [0, 1]
scheduler:INFO [7551.549295774648] [Micro-task scheduled]	Job ID: (1, 2)	Worker type: v100	Worker ID(s): 0,1	Priority: 1.16	Deficit: 180.00	Allocation:  [v100 0.22]
scheduler:DEBUG [7911.549295774648] Current active completion events: dict_keys([])
scheduler:INFO [7911.549295774648] [Micro-task succeeded]	Job ID: (1, 2)	Worker type: v100	Worker ID(s): [0, 1]
scheduler:INFO [7911.549295774648] [Job succeeded]	Job ID: 2	Start timestamp: 0.00	End timestamp: 7911.55	Duration: 7911.55
scheduler:INFO [7911.549295774648] Remaining active jobs: 2
scheduler:DEBUG [7911.549295774648] Resetting time run so far
(4, 1)
2
2
scheduler:INFO [7911.549295774648] [Micro-task scheduled]	Job ID: (0, 1)	Worker type: v100	Worker ID(s): 0,1	Priority: 2.94	Deficit: 171.58	Allocation:  [v100 0.98]
scheduler:DEBUG [8271.549295774648] Current active completion events: dict_keys([])
scheduler:INFO [8271.549295774648] [Micro-task succeeded]	Job ID: (0, 1)	Worker type: v100	Worker ID(s): [0, 1]
scheduler:INFO [8271.549295774648] [Micro-task scheduled]	Job ID: (0, 1)	Worker type: v100	Worker ID(s): 0,1	Priority: 1.63	Deficit: 171.58	Allocation:  [v100 0.98]
scheduler:DEBUG [8631.549295774648] Current active completion events: dict_keys([])
scheduler:INFO [8631.549295774648] [Micro-task succeeded]	Job ID: (0, 1)	Worker type: v100	Worker ID(s): [0, 1]
scheduler:INFO [8631.549295774648] [Micro-task scheduled]	Job ID: (0, 1)	Worker type: v100	Worker ID(s): 0,1	Priority: 1.37	Deficit: 171.58	Allocation:  [v100 0.98]
scheduler:DEBUG [8991.549295774648] Current active completion events: dict_keys([])
scheduler:INFO [8991.549295774648] [Micro-task succeeded]	Job ID: (0, 1)	Worker type: v100	Worker ID(s): [0, 1]
scheduler:INFO [8991.549295774648] [Micro-task scheduled]	Job ID: (0, 1)	Worker type: v100	Worker ID(s): 0,1	Priority: 1.26	Deficit: 171.58	Allocation:  [v100 0.98]
scheduler:DEBUG [9351.549295774648] Current active completion events: dict_keys([])
scheduler:INFO [9351.549295774648] [Micro-task succeeded]	Job ID: (0, 1)	Worker type: v100	Worker ID(s): [0, 1]
scheduler:INFO [9351.549295774648] [Micro-task scheduled]	Job ID: (0, 1)	Worker type: v100	Worker ID(s): 0,1	Priority: 1.20	Deficit: 171.58	Allocation:  [v100 0.98]
scheduler:DEBUG [9711.549295774648] Current active completion events: dict_keys([])
scheduler:INFO [9711.549295774648] [Micro-task succeeded]	Job ID: (0, 1)	Worker type: v100	Worker ID(s): [0, 1]
scheduler:INFO [9711.549295774648] [Micro-task scheduled]	Job ID: (0, 1)	Worker type: v100	Worker ID(s): 0,1	Priority: 1.16	Deficit: 171.58	Allocation:  [v100 0.98]
scheduler:DEBUG [10071.549295774648] Current active completion events: dict_keys([])
scheduler:INFO [10071.549295774648] [Micro-task succeeded]	Job ID: (0, 1)	Worker type: v100	Worker ID(s): [0, 1]
scheduler:INFO [10071.549295774648] [Micro-task scheduled]	Job ID: (0, 1)	Worker type: v100	Worker ID(s): 0,1	Priority: 1.13	Deficit: 171.58	Allocation:  [v100 0.98]
scheduler:DEBUG [10431.549295774648] Current active completion events: dict_keys([])
scheduler:INFO [10431.549295774648] [Micro-task succeeded]	Job ID: (0, 1)	Worker type: v100	Worker ID(s): [0, 1]
scheduler:INFO [10431.549295774648] [Job succeeded]	Job ID: 0	Start timestamp: 0.00	End timestamp: 10431.55	Duration: 10431.55
scheduler:INFO [10431.549295774648] Remaining active jobs: 1
scheduler:DEBUG [10431.549295774648] Resetting time run so far
(1, 1)
1
1
scheduler:INFO [10431.549295774648] [Micro-task scheduled]	Job ID: 1	Worker type: v100	Worker ID(s): 0,1	Priority: 1.00	Deficit: 0.00	Allocation:  [v100 1.00]
scheduler:DEBUG [10791.549295774648] Current active completion events: dict_keys([])
scheduler:INFO [10791.549295774648] [Micro-task succeeded]	Job ID: 1	Worker type: v100	Worker ID(s): [0, 1]
scheduler:INFO [10791.549295774648] [Micro-task scheduled]	Job ID: 1	Worker type: v100	Worker ID(s): 0,1	Priority: 1.00	Deficit: 0.00	Allocation:  [v100 1.00]
scheduler:DEBUG [11151.549295774648] Current active completion events: dict_keys([])
scheduler:INFO [11151.549295774648] [Micro-task succeeded]	Job ID: 1	Worker type: v100	Worker ID(s): [0, 1]
scheduler:INFO [11151.549295774648] [Micro-task scheduled]	Job ID: 1	Worker type: v100	Worker ID(s): 0,1	Priority: 1.00	Deficit: 0.00	Allocation:  [v100 1.00]
scheduler:DEBUG [11511.549295774648] Current active completion events: dict_keys([])
scheduler:INFO [11511.549295774648] [Micro-task succeeded]	Job ID: 1	Worker type: v100	Worker ID(s): [0, 1]
scheduler:INFO [11511.549295774648] [Micro-task scheduled]	Job ID: 1	Worker type: v100	Worker ID(s): 0,1	Priority: 1.00	Deficit: 0.00	Allocation:  [v100 1.00]
scheduler:DEBUG [11871.549295774648] Current active completion events: dict_keys([])
scheduler:INFO [11871.549295774648] [Micro-task succeeded]	Job ID: 1	Worker type: v100	Worker ID(s): [0, 1]
scheduler:INFO [11871.549295774648] [Micro-task scheduled]	Job ID: 1	Worker type: v100	Worker ID(s): 0,1	Priority: 1.00	Deficit: 0.00	Allocation:  [v100 1.00]
scheduler:DEBUG [12231.549295774648] Current active completion events: dict_keys([])
scheduler:INFO [12231.549295774648] [Micro-task succeeded]	Job ID: 1	Worker type: v100	Worker ID(s): [0, 1]
scheduler:INFO [12231.549295774648] [Micro-task scheduled]	Job ID: 1	Worker type: v100	Worker ID(s): 0,1	Priority: 1.00	Deficit: 0.00	Allocation:  [v100 1.00]
scheduler:DEBUG [12591.549295774648] Current active completion events: dict_keys([])
scheduler:INFO [12591.549295774648] [Micro-task succeeded]	Job ID: 1	Worker type: v100	Worker ID(s): [0, 1]
scheduler:INFO [12591.549295774648] [Micro-task scheduled]	Job ID: 1	Worker type: v100	Worker ID(s): 0,1	Priority: 1.00	Deficit: 0.00	Allocation:  [v100 1.00]
scheduler:DEBUG [12951.549295774648] Current active completion events: dict_keys([])
scheduler:INFO [12951.549295774648] [Micro-task succeeded]	Job ID: 1	Worker type: v100	Worker ID(s): [0, 1]
scheduler:INFO [12951.549295774648] [Micro-task scheduled]	Job ID: 1	Worker type: v100	Worker ID(s): 0,1	Priority: 1.00	Deficit: 0.00	Allocation:  [v100 1.00]
scheduler:DEBUG [13311.549295774648] Current active completion events: dict_keys([])
scheduler:INFO [13311.549295774648] [Micro-task succeeded]	Job ID: 1	Worker type: v100	Worker ID(s): [0, 1]
scheduler:INFO [13311.549295774648] [Micro-task scheduled]	Job ID: 1	Worker type: v100	Worker ID(s): 0,1	Priority: 1.00	Deficit: 0.00	Allocation:  [v100 1.00]
scheduler:DEBUG [13671.549295774648] Current active completion events: dict_keys([])
scheduler:INFO [13671.549295774648] [Micro-task succeeded]	Job ID: 1	Worker type: v100	Worker ID(s): [0, 1]
scheduler:INFO [13671.549295774648] [Micro-task scheduled]	Job ID: 1	Worker type: v100	Worker ID(s): 0,1	Priority: 1.00	Deficit: 0.00	Allocation:  [v100 1.00]
scheduler:DEBUG [14031.549295774648] Current active completion events: dict_keys([])
scheduler:INFO [14031.549295774648] [Micro-task succeeded]	Job ID: 1	Worker type: v100	Worker ID(s): [0, 1]
scheduler:INFO [14031.549295774648] [Micro-task scheduled]	Job ID: 1	Worker type: v100	Worker ID(s): 0,1	Priority: 1.00	Deficit: 0.00	Allocation:  [v100 1.00]
scheduler:DEBUG [14391.549295774648] Current active completion events: dict_keys([])
scheduler:INFO [14391.549295774648] [Micro-task succeeded]	Job ID: 1	Worker type: v100	Worker ID(s): [0, 1]
scheduler:INFO [14391.549295774648] [Micro-task scheduled]	Job ID: 1	Worker type: v100	Worker ID(s): 0,1	Priority: 1.00	Deficit: 0.00	Allocation:  [v100 1.00]
scheduler:DEBUG [14751.549295774648] Current active completion events: dict_keys([])
scheduler:INFO [14751.549295774648] [Micro-task succeeded]	Job ID: 1	Worker type: v100	Worker ID(s): [0, 1]
scheduler:INFO [14751.549295774648] [Micro-task scheduled]	Job ID: 1	Worker type: v100	Worker ID(s): 0,1	Priority: 1.00	Deficit: 0.00	Allocation:  [v100 1.00]
scheduler:DEBUG [15111.549295774648] Current active completion events: dict_keys([])
scheduler:INFO [15111.549295774648] [Micro-task succeeded]	Job ID: 1	Worker type: v100	Worker ID(s): [0, 1]
scheduler:INFO [15111.549295774648] [Micro-task scheduled]	Job ID: 1	Worker type: v100	Worker ID(s): 0,1	Priority: 1.00	Deficit: 0.00	Allocation:  [v100 1.00]
scheduler:DEBUG [15471.549295774648] Current active completion events: dict_keys([])
scheduler:INFO [15471.549295774648] [Micro-task succeeded]	Job ID: 1	Worker type: v100	Worker ID(s): [0, 1]
scheduler:INFO [15471.549295774648] [Micro-task scheduled]	Job ID: 1	Worker type: v100	Worker ID(s): 0,1	Priority: 1.00	Deficit: 0.00	Allocation:  [v100 1.00]
scheduler:DEBUG [15831.549295774648] Current active completion events: dict_keys([])
scheduler:INFO [15831.549295774648] [Micro-task succeeded]	Job ID: 1	Worker type: v100	Worker ID(s): [0, 1]
scheduler:INFO [15831.549295774648] [Micro-task scheduled]	Job ID: 1	Worker type: v100	Worker ID(s): 0,1	Priority: 1.00	Deficit: 0.00	Allocation:  [v100 1.00]
scheduler:DEBUG [16191.549295774648] Current active completion events: dict_keys([])
scheduler:INFO [16191.549295774648] [Micro-task succeeded]	Job ID: 1	Worker type: v100	Worker ID(s): [0, 1]
scheduler:INFO [16191.549295774648] [Micro-task scheduled]	Job ID: 1	Worker type: v100	Worker ID(s): 0,1	Priority: 1.00	Deficit: 0.00	Allocation:  [v100 1.00]
scheduler:DEBUG [16551.549295774646] Current active completion events: dict_keys([])
scheduler:INFO [16551.549295774646] [Micro-task succeeded]	Job ID: 1	Worker type: v100	Worker ID(s): [0, 1]
scheduler:INFO [16551.549295774646] [Micro-task scheduled]	Job ID: 1	Worker type: v100	Worker ID(s): 0,1	Priority: 1.00	Deficit: 0.00	Allocation:  [v100 1.00]
scheduler:DEBUG [16911.549295774646] Current active completion events: dict_keys([])
scheduler:INFO [16911.549295774646] [Micro-task succeeded]	Job ID: 1	Worker type: v100	Worker ID(s): [0, 1]
scheduler:INFO [16911.549295774646] [Micro-task scheduled]	Job ID: 1	Worker type: v100	Worker ID(s): 0,1	Priority: 1.00	Deficit: 0.00	Allocation:  [v100 1.00]
scheduler:DEBUG [17271.549295774646] Current active completion events: dict_keys([])
scheduler:INFO [17271.549295774646] [Micro-task succeeded]	Job ID: 1	Worker type: v100	Worker ID(s): [0, 1]
scheduler:INFO [17271.549295774646] [Micro-task scheduled]	Job ID: 1	Worker type: v100	Worker ID(s): 0,1	Priority: 1.00	Deficit: 0.00	Allocation:  [v100 1.00]
scheduler:DEBUG [17631.549295774646] Current active completion events: dict_keys([])
scheduler:INFO [17631.549295774646] [Micro-task succeeded]	Job ID: 1	Worker type: v100	Worker ID(s): [0, 1]
scheduler:INFO [17631.549295774646] [Micro-task scheduled]	Job ID: 1	Worker type: v100	Worker ID(s): 0,1	Priority: 1.00	Deficit: 0.00	Allocation:  [v100 1.00]
scheduler:DEBUG [17991.549295774646] Current active completion events: dict_keys([])
scheduler:INFO [17991.549295774646] [Micro-task succeeded]	Job ID: 1	Worker type: v100	Worker ID(s): [0, 1]
scheduler:INFO [17991.549295774646] [Micro-task scheduled]	Job ID: 1	Worker type: v100	Worker ID(s): 0,1	Priority: 1.00	Deficit: 0.00	Allocation:  [v100 1.00]
scheduler:DEBUG [18351.549295774646] Current active completion events: dict_keys([])
scheduler:INFO [18351.549295774646] [Micro-task succeeded]	Job ID: 1	Worker type: v100	Worker ID(s): [0, 1]
scheduler:INFO [18351.549295774646] [Micro-task scheduled]	Job ID: 1	Worker type: v100	Worker ID(s): 0,1	Priority: 1.00	Deficit: 0.00	Allocation:  [v100 1.00]
scheduler:DEBUG [18711.549295774646] Current active completion events: dict_keys([])
scheduler:INFO [18711.549295774646] [Micro-task succeeded]	Job ID: 1	Worker type: v100	Worker ID(s): [0, 1]
scheduler:INFO [18711.549295774646] [Micro-task scheduled]	Job ID: 1	Worker type: v100	Worker ID(s): 0,1	Priority: 1.00	Deficit: 0.00	Allocation:  [v100 1.00]
scheduler:DEBUG [19071.549295774646] Current active completion events: dict_keys([])
scheduler:INFO [19071.549295774646] [Micro-task succeeded]	Job ID: 1	Worker type: v100	Worker ID(s): [0, 1]
scheduler:INFO [19071.549295774646] [Micro-task scheduled]	Job ID: 1	Worker type: v100	Worker ID(s): 0,1	Priority: 1.00	Deficit: 0.00	Allocation:  [v100 1.00]
scheduler:DEBUG [19431.549295774646] Current active completion events: dict_keys([])
scheduler:INFO [19431.549295774646] [Micro-task succeeded]	Job ID: 1	Worker type: v100	Worker ID(s): [0, 1]
scheduler:INFO [19431.549295774646] [Micro-task scheduled]	Job ID: 1	Worker type: v100	Worker ID(s): 0,1	Priority: 1.00	Deficit: 0.00	Allocation:  [v100 1.00]
scheduler:DEBUG [19791.549295774646] Current active completion events: dict_keys([])
scheduler:INFO [19791.549295774646] [Micro-task succeeded]	Job ID: 1	Worker type: v100	Worker ID(s): [0, 1]
scheduler:INFO [19791.549295774646] [Micro-task scheduled]	Job ID: 1	Worker type: v100	Worker ID(s): 0,1	Priority: 1.00	Deficit: 0.00	Allocation:  [v100 1.00]
scheduler:DEBUG [20151.549295774646] Current active completion events: dict_keys([])
scheduler:INFO [20151.549295774646] [Micro-task succeeded]	Job ID: 1	Worker type: v100	Worker ID(s): [0, 1]
scheduler:INFO [20151.549295774646] [Micro-task scheduled]	Job ID: 1	Worker type: v100	Worker ID(s): 0,1	Priority: 1.00	Deficit: 0.00	Allocation:  [v100 1.00]
scheduler:DEBUG [20511.549295774646] Current active completion events: dict_keys([])
scheduler:INFO [20511.549295774646] [Micro-task succeeded]	Job ID: 1	Worker type: v100	Worker ID(s): [0, 1]
scheduler:INFO [20511.549295774646] [Micro-task scheduled]	Job ID: 1	Worker type: v100	Worker ID(s): 0,1	Priority: 1.00	Deficit: 0.00	Allocation:  [v100 1.00]
scheduler:DEBUG [20871.549295774646] Current active completion events: dict_keys([])
scheduler:INFO [20871.549295774646] [Micro-task succeeded]	Job ID: 1	Worker type: v100	Worker ID(s): [0, 1]
scheduler:INFO [20871.549295774646] [Micro-task scheduled]	Job ID: 1	Worker type: v100	Worker ID(s): 0,1	Priority: 1.00	Deficit: 0.00	Allocation:  [v100 1.00]
scheduler:DEBUG [21231.549295774646] Current active completion events: dict_keys([])
scheduler:INFO [21231.549295774646] [Micro-task succeeded]	Job ID: 1	Worker type: v100	Worker ID(s): [0, 1]
scheduler:INFO [21231.549295774646] [Micro-task scheduled]	Job ID: 1	Worker type: v100	Worker ID(s): 0,1	Priority: 1.00	Deficit: 0.00	Allocation:  [v100 1.00]
scheduler:DEBUG [21591.549295774646] Current active completion events: dict_keys([])
scheduler:INFO [21591.549295774646] [Micro-task succeeded]	Job ID: 1	Worker type: v100	Worker ID(s): [0, 1]
scheduler:INFO [21591.549295774646] [Micro-task scheduled]	Job ID: 1	Worker type: v100	Worker ID(s): 0,1	Priority: 1.00	Deficit: 0.00	Allocation:  [v100 1.00]
scheduler:DEBUG [21951.549295774646] Current active completion events: dict_keys([])
scheduler:INFO [21951.549295774646] [Micro-task succeeded]	Job ID: 1	Worker type: v100	Worker ID(s): [0, 1]
scheduler:INFO [21951.549295774646] [Micro-task scheduled]	Job ID: 1	Worker type: v100	Worker ID(s): 0,1	Priority: 1.00	Deficit: 0.00	Allocation:  [v100 1.00]
scheduler:DEBUG [22311.549295774646] Current active completion events: dict_keys([])
scheduler:INFO [22311.549295774646] [Micro-task succeeded]	Job ID: 1	Worker type: v100	Worker ID(s): [0, 1]
scheduler:INFO [22311.549295774646] [Micro-task scheduled]	Job ID: 1	Worker type: v100	Worker ID(s): 0,1	Priority: 1.00	Deficit: 0.00	Allocation:  [v100 1.00]
scheduler:DEBUG [22671.549295774646] Current active completion events: dict_keys([])
scheduler:INFO [22671.549295774646] [Micro-task succeeded]	Job ID: 1	Worker type: v100	Worker ID(s): [0, 1]
scheduler:INFO [22671.549295774646] [Micro-task scheduled]	Job ID: 1	Worker type: v100	Worker ID(s): 0,1	Priority: 1.00	Deficit: 0.00	Allocation:  [v100 1.00]
scheduler:DEBUG [22767.05616482609] Current active completion events: dict_keys([])
scheduler:INFO [22767.05616482609] [Micro-task succeeded]	Job ID: 1	Worker type: v100	Worker ID(s): [0, 1]
scheduler:INFO [22767.05616482609] [Job succeeded]	Job ID: 1	Start timestamp: 0.00	End timestamp: 22767.06	Duration: 22767.06
scheduler:INFO [22767.05616482609] Remaining active jobs: 0
scheduler:DEBUG [22767.05616482609] Resetting time run so far
scheduler:WARNING [22767.05616482609] 2 GPUs of type v100 left unused. Number of active jobs: 0
Total duration: 22767.056 seconds (6.32 hours)
Job completion times:
Job 0: 10431.549
Job 1: 22767.056
Job 2: 7911.549
Average job completion time: 13703.385 seconds (3.81 hours)
Average job completion time (low priority): 13703.385 seconds (3.81 hours)
Cluster utilization: 1.000
Total cost: $0.00
